<?xml version="1.0" encoding="utf-8"?><testsuites name="pytest tests"><testsuite name="pytest" errors="0" failures="2" skipped="0" tests="8" time="2.617" timestamp="2026-01-18T11:18:35.444183+00:00" hostname="agent-env-e1346b10-746b-4fb7-b6d6-3d09175df691"><testcase classname="tests.test_presqu_accident.TestPresquAccidentModule" name="test_stats_endpoint_returns_5_stat_categories" time="0.310" /><testcase classname="tests.test_presqu_accident.TestPresquAccidentModule" name="test_create_presqu_accident_generates_formatted_numero" time="0.284" /><testcase classname="tests.test_presqu_accident.TestPresquAccidentModule" name="test_create_form_does_not_require_treatment_fields" time="0.281" /><testcase classname="tests.test_presqu_accident.TestPresquAccidentModule" name="test_update_with_treatment_fields" time="0.334" /><testcase classname="tests.test_presqu_accident.TestPresquAccidentModule" name="test_status_values_are_new_statuses" time="0.325"><failure message="AssertionError: Status mismatch: expected EN_COURS, got A_TRAITER&#10;assert 'A_TRAITER' == 'EN_COURS'&#10;  &#10;  - EN_COURS&#10;  + A_TRAITER">tests/test_presqu_accident.py:189: in test_status_values_are_new_statuses
    assert data.get("status") == status, f"Status mismatch: expected {status}, got {data.get('status')}"
E   AssertionError: Status mismatch: expected EN_COURS, got A_TRAITER
E   assert 'A_TRAITER' == 'EN_COURS'
E     
E     - EN_COURS
E     + A_TRAITER</failure></testcase><testcase classname="tests.test_presqu_accident.TestPresquAccidentModule" name="test_filter_by_new_statuses" time="0.336" /><testcase classname="tests.test_presqu_accident.TestPresquAccidentModule" name="test_list_items_returns_numero_field" time="0.274"><failure message="AssertionError: Item missing 'numero' field: 92e2ddf1-5381-4f4f-af2f-49420e0da0ad&#10;assert 'numero' in {'actions_preventions': &quot;Regarder où l'on met les pieds&quot;, 'actions_proposees': 'Le reboucher', 'attachments': [], 'commentaire': &quot;Ok, c'est fait !&quot;, ...}">tests/test_presqu_accident.py:221: in test_list_items_returns_numero_field
    assert "numero" in item, f"Item missing 'numero' field: {item.get('id')}"
E   AssertionError: Item missing 'numero' field: 92e2ddf1-5381-4f4f-af2f-49420e0da0ad
E   assert 'numero' in {'actions_preventions': "Regarder où l'on met les pieds", 'actions_proposees': 'Le reboucher', 'attachments': [], 'commentaire': "Ok, c'est fait !", ...}</failure></testcase><testcase classname="tests.test_presqu_accident.TestPresquAccidentModule" name="test_get_single_item_returns_all_fields" time="0.325" /></testsuite></testsuites>