<?xml version="1.0" encoding="utf-8"?><testsuites name="pytest tests"><testsuite name="pytest" errors="0" failures="0" skipped="0" tests="23" time="2.934" timestamp="2026-02-01T10:04:17.220593+00:00" hostname="agent-env-db478e98-bc11-4a6a-9ed8-b6ed0bc97be7"><testcase classname="tests.test_team_management.TestAuth" name="test_admin_login" time="0.313" /><testcase classname="tests.test_team_management.TestAuth" name="test_manager_login" time="0.266" /><testcase classname="tests.test_team_management.TestWorkRhythms" name="test_get_work_rhythms" time="0.306" /><testcase classname="tests.test_team_management.TestTeamMembers" name="test_get_team_members" time="0.044" /><testcase classname="tests.test_team_management.TestTeamMembers" name="test_create_temporary_member" time="0.043" /><testcase classname="tests.test_team_management.TestTeamMembers" name="test_get_team_member_by_id" time="0.128" /><testcase classname="tests.test_team_management.TestTeamMembers" name="test_update_temporary_member" time="0.167" /><testcase classname="tests.test_team_management.TestTeamMembers" name="test_delete_temporary_member" time="0.126" /><testcase classname="tests.test_team_management.TestTimeTracking" name="test_clock_in" time="0.121" /><testcase classname="tests.test_team_management.TestTimeTracking" name="test_clock_out" time="0.203" /><testcase classname="tests.test_team_management.TestTimeTracking" name="test_present_at_post" time="0.120" /><testcase classname="tests.test_team_management.TestTimeTracking" name="test_manual_time_entry" time="0.122" /><testcase classname="tests.test_team_management.TestTimeTracking" name="test_get_today_entry" time="0.123" /><testcase classname="tests.test_team_management.TestTimeTracking" name="test_get_time_history" time="0.164" /><testcase classname="tests.test_team_management.TestAbsences" name="test_get_absence_types" time="0.039" /><testcase classname="tests.test_team_management.TestAbsences" name="test_declare_absence" time="0.168" /><testcase classname="tests.test_team_management.TestAbsences" name="test_get_absences" time="0.042" /><testcase classname="tests.test_team_management.TestTeamPresence" name="test_get_team_presence" time="0.041" /><testcase classname="tests.test_team_management.TestTeamDashboard" name="test_get_team_dashboard" time="0.039" /><testcase classname="tests.test_team_management.TestTeamDashboard" name="test_get_team_workload" time="0.047" /><testcase classname="tests.test_team_management.TestTeamDashboard" name="test_get_team_overtime" time="0.081" /><testcase classname="tests.test_team_management.TestMenuMigration" name="test_migrate_menus" time="0.039" /><testcase classname="tests.test_team_management.TestCleanup" name="test_cleanup_test_members" time="0.082" /></testsuite></testsuites>