<?xml version="1.0" encoding="utf-8"?><testsuites name="pytest tests"><testsuite name="pytest" errors="0" failures="0" skipped="0" tests="11" time="3.160" timestamp="2026-01-22T10:42:48.252915+00:00" hostname="agent-env-dbcd925f-de1c-4f68-bbf0-42676630a7c1"><testcase classname="tests.test_iot_dashboard_export.TestIoTDashboardExport" name="test_get_all_sensors" time="0.335" /><testcase classname="tests.test_iot_dashboard_export.TestIoTDashboardExport" name="test_get_sensors_groups_by_type" time="0.275" /><testcase classname="tests.test_iot_dashboard_export.TestIoTDashboardExport" name="test_get_sensors_groups_by_location" time="0.276" /><testcase classname="tests.test_iot_dashboard_export.TestIoTDashboardExport" name="test_export_readings_csv" time="0.271" /><testcase classname="tests.test_iot_dashboard_export.TestIoTDashboardExport" name="test_export_readings_xlsx" time="0.282" /><testcase classname="tests.test_iot_dashboard_export.TestIoTDashboardExport" name="test_export_readings_24h" time="0.272" /><testcase classname="tests.test_iot_dashboard_export.TestIoTDashboardExport" name="test_export_readings_30_days" time="0.275" /><testcase classname="tests.test_iot_dashboard_export.TestIoTDashboardExport" name="test_export_readings_90_days" time="0.274" /><testcase classname="tests.test_iot_dashboard_export.TestIoTDashboardExport" name="test_export_readings_180_days" time="0.277" /><testcase classname="tests.test_iot_dashboard_export.TestIoTDashboardExport" name="test_get_sensor_readings" time="0.285" /><testcase classname="tests.test_iot_dashboard_export.TestIoTDashboardExport" name="test_get_sensor_statistics" time="0.284" /></testsuite></testsuites>