<?xml version="1.0" encoding="utf-8"?><testsuites name="pytest tests"><testsuite name="pytest" errors="0" failures="0" skipped="0" tests="11" time="3.379" timestamp="2026-01-31T22:06:17.480269+00:00" hostname="agent-env-35fbef82-71e0-47e7-bf58-4a61843d907e"><testcase classname="backend.tests.test_service_filter.TestServiceManagerStatus" name="test_admin_status" time="0.320" /><testcase classname="backend.tests.test_service_filter.TestServiceManagerStatus" name="test_manager_status" time="0.304" /><testcase classname="backend.tests.test_service_filter.TestServiceManagerTeam" name="test_admin_team" time="0.297" /><testcase classname="backend.tests.test_service_filter.TestServiceManagerTeam" name="test_manager_team" time="0.305" /><testcase classname="backend.tests.test_service_filter.TestServiceManagerStats" name="test_admin_stats" time="0.296" /><testcase classname="backend.tests.test_service_filter.TestServiceManagerStats" name="test_manager_stats" time="0.299" /><testcase classname="backend.tests.test_service_filter.TestWorkOrdersFiltering" name="test_admin_sees_all_work_orders" time="0.299" /><testcase classname="backend.tests.test_service_filter.TestWorkOrdersFiltering" name="test_manager_sees_filtered_work_orders" time="0.338" /><testcase classname="backend.tests.test_service_filter.TestEquipmentsFiltering" name="test_admin_sees_all_equipments" time="0.302" /><testcase classname="backend.tests.test_service_filter.TestEquipmentsFiltering" name="test_manager_sees_filtered_equipments" time="0.300" /><testcase classname="backend.tests.test_service_filter.TestNonManagerAccess" name="test_regular_user_cannot_access_team" time="0.263" /></testsuite></testsuites>