<?xml version="1.0" encoding="utf-8"?><testsuites name="pytest tests"><testsuite name="pytest" errors="0" failures="0" skipped="0" tests="18" time="96.088" timestamp="2026-02-01T11:02:01.510353+00:00" hostname="agent-env-db478e98-bc11-4a6a-9ed8-b6ed0bc97be7"><testcase classname="tests.test_cameras.TestCamerasCRUD" name="test_list_cameras" time="0.353" /><testcase classname="tests.test_cameras.TestCamerasCRUD" name="test_get_cameras_count" time="0.012" /><testcase classname="tests.test_cameras.TestCamerasCRUD" name="test_create_camera" time="0.012" /><testcase classname="tests.test_cameras.TestCamerasCRUD" name="test_get_camera_by_id" time="0.010" /><testcase classname="tests.test_cameras.TestCamerasCRUD" name="test_update_camera" time="0.052" /><testcase classname="tests.test_cameras.TestCamerasCRUD" name="test_test_camera_connection" time="30.049" /><testcase classname="tests.test_cameras.TestCamerasCRUD" name="test_get_camera_snapshot" time="30.088" /><testcase classname="tests.test_cameras.TestCamerasCRUD" name="test_start_stream" time="0.016" /><testcase classname="tests.test_cameras.TestCamerasCRUD" name="test_stop_stream" time="0.014" /><testcase classname="tests.test_cameras.TestCamerasCRUD" name="test_delete_camera" time="0.066" /><testcase classname="tests.test_cameras.TestCameraSettings" name="test_get_snapshot_settings" time="0.015" /><testcase classname="tests.test_cameras.TestCameraSettings" name="test_update_snapshot_settings" time="0.077" /><testcase classname="tests.test_cameras.TestOnvifDiscovery" name="test_discover_onvif" time="5.026" /><testcase classname="tests.test_cameras.TestCameraValidation" name="test_create_camera_missing_name" time="0.011" /><testcase classname="tests.test_cameras.TestCameraValidation" name="test_create_camera_missing_rtsp_url" time="0.051" /><testcase classname="tests.test_cameras.TestCameraValidation" name="test_create_camera_duplicate_name" time="0.077" /><testcase classname="tests.test_cameras.TestCameraValidation" name="test_get_nonexistent_camera" time="0.053" /><testcase classname="tests.test_cameras.TestCameraTestUrl" name="test_test_url_endpoint" time="30.045" /></testsuite></testsuites>