<?xml version="1.0" encoding="utf-8"?><testsuites name="pytest tests"><testsuite name="pytest" errors="0" failures="0" skipped="0" tests="11" time="3.491" timestamp="2026-01-18T22:52:12.726578+00:00" hostname="agent-env-e10f2166-ced1-4490-8468-8e792f385d33"><testcase classname="tests.test_documentations_refonte.TestDocumentationsRefonte" name="test_get_form_templates" time="0.340" /><testcase classname="tests.test_documentations_refonte.TestDocumentationsRefonte" name="test_form_templates_default_values" time="0.301" /><testcase classname="tests.test_documentations_refonte.TestDocumentationsRefonte" name="test_get_poles_list" time="0.299" /><testcase classname="tests.test_documentations_refonte.TestDocumentationsRefonte" name="test_get_pole_details" time="0.300" /><testcase classname="tests.test_documentations_refonte.TestDocumentationsRefonte" name="test_get_pole_not_found" time="0.298" /><testcase classname="tests.test_documentations_refonte.TestDocumentationsRefonte" name="test_get_documents_by_pole" time="0.297" /><testcase classname="tests.test_documentations_refonte.TestDocumentationsRefonte" name="test_get_bons_travail_by_pole" time="0.301" /><testcase classname="tests.test_documentations_refonte.TestDocumentationsRefonte" name="test_admin_can_access_form_templates" time="0.293" /><testcase classname="tests.test_documentations_refonte.TestDocumentationsRefonte" name="test_create_form_template_admin_only" time="0.337" /><testcase classname="tests.test_documentations_refonte.TestDocumentationsRefonte" name="test_cannot_delete_system_template" time="0.336" /><testcase classname="tests.test_documentations_refonte.TestDocumentationsRefonte" name="test_cannot_modify_system_template" time="0.332" /></testsuite></testsuites>