<?xml version="1.0" encoding="utf-8"?><testsuites name="pytest tests"><testsuite name="pytest" errors="0" failures="0" skipped="0" tests="8" time="2.886" timestamp="2026-01-18T11:19:13.124382+00:00" hostname="agent-env-e1346b10-746b-4fb7-b6d6-3d09175df691"><testcase classname="tests.test_presqu_accident.TestPresquAccidentModule" name="test_stats_endpoint_returns_5_stat_categories" time="0.320" /><testcase classname="tests.test_presqu_accident.TestPresquAccidentModule" name="test_create_presqu_accident_generates_formatted_numero" time="0.324" /><testcase classname="tests.test_presqu_accident.TestPresquAccidentModule" name="test_create_form_does_not_require_treatment_fields" time="0.321" /><testcase classname="tests.test_presqu_accident.TestPresquAccidentModule" name="test_update_with_treatment_fields" time="0.304" /><testcase classname="tests.test_presqu_accident.TestPresquAccidentModule" name="test_status_values_can_be_updated_to_new_statuses" time="0.519" /><testcase classname="tests.test_presqu_accident.TestPresquAccidentModule" name="test_filter_by_new_statuses" time="0.375" /><testcase classname="tests.test_presqu_accident.TestPresquAccidentModule" name="test_list_items_returns_numero_field_for_new_items" time="0.328" /><testcase classname="tests.test_presqu_accident.TestPresquAccidentModule" name="test_get_single_item_returns_all_fields" time="0.322" /></testsuite></testsuites>