<?xml version="1.0" encoding="utf-8"?><testsuites name="pytest tests"><testsuite name="pytest" errors="0" failures="0" skipped="0" tests="14" time="1.090" timestamp="2026-01-15T19:12:43.249783+00:00" hostname="agent-env-18d8e740-bc0b-4673-93ed-87e6af01875e"><testcase classname="tests.test_maintenance_end_features.TestPendingStatusUpdateAPI" name="test_pending_status_update_endpoint_exists" time="0.326" /><testcase classname="tests.test_maintenance_end_features.TestPendingStatusUpdateAPI" name="test_pending_status_update_response_structure" time="0.043" /><testcase classname="tests.test_maintenance_end_features.TestPendingStatusUpdateAPI" name="test_pending_maintenance_item_structure" time="0.042" /><testcase classname="tests.test_maintenance_end_features.TestEquipmentStatusUpdateAPI" name="test_get_equipments_list" time="0.046" /><testcase classname="tests.test_maintenance_end_features.TestEquipmentStatusUpdateAPI" name="test_equipment_status_update_basic" time="0.083" /><testcase classname="tests.test_maintenance_end_features.TestEquipmentStatusUpdateAPI" name="test_equipment_status_update_with_force" time="0.124" /><testcase classname="tests.test_maintenance_end_features.TestEndMaintenanceAPI" name="test_end_maintenance_info_invalid_token" time="0.035" /><testcase classname="tests.test_maintenance_end_features.TestEndMaintenanceAPI" name="test_end_maintenance_process_invalid_token" time="0.043" /><testcase classname="tests.test_maintenance_end_features.TestPlanningEquipementsAPI" name="test_get_planning_equipements" time="0.049" /><testcase classname="tests.test_maintenance_end_features.TestPlanningEquipementsAPI" name="test_get_planning_with_date_filter" time="0.041" /><testcase classname="tests.test_maintenance_end_features.TestDemandesArretAPI" name="test_get_all_demandes" time="0.040" /><testcase classname="tests.test_maintenance_end_features.TestDemandesArretAPI" name="test_check_end_maintenance_cron" time="0.044" /><testcase classname="tests.test_maintenance_end_features.TestDemandesArretAPI" name="test_trigger_reminders" time="0.042" /><testcase classname="tests.test_maintenance_end_features.TestMaintenanceConfirmationFlow" name="test_equipment_with_active_maintenance_requires_confirmation" time="0.079" /></testsuite></testsuites>