<?xml version="1.0" encoding="utf-8"?><testsuites name="pytest tests"><testsuite name="pytest" errors="0" failures="0" skipped="0" tests="11" time="1.105" timestamp="2026-01-31T19:03:16.930160+00:00" hostname="agent-env-e55b7c15-e4f1-4edc-b643-add463c0ca9a"><testcase classname="backend.tests.test_custom_widgets.TestGmaoDataTypes" name="test_get_gmao_data_types_returns_26_types" time="0.353" /><testcase classname="backend.tests.test_custom_widgets.TestGmaoDataTypes" name="test_gmao_data_types_have_required_fields" time="0.012" /><testcase classname="backend.tests.test_custom_widgets.TestGmaoDataTypes" name="test_gmao_data_types_include_work_orders_completion_rate" time="0.009" /><testcase classname="backend.tests.test_custom_widgets.TestWidgetCRUD" name="test_create_widget_with_gmao_source" time="0.102" /><testcase classname="backend.tests.test_custom_widgets.TestWidgetCRUD" name="test_get_widgets_returns_list" time="0.014" /><testcase classname="backend.tests.test_custom_widgets.TestWidgetCRUD" name="test_get_widget_by_id" time="0.068" /><testcase classname="backend.tests.test_custom_widgets.TestWidgetCRUD" name="test_refresh_widget_updates_cached_value" time="0.112" /><testcase classname="backend.tests.test_custom_widgets.TestWidgetCRUD" name="test_delete_widget" time="0.110" /><testcase classname="backend.tests.test_custom_widgets.TestExcelConnection" name="test_excel_connection_returns_error_for_invalid_path" time="0.068" /><testcase classname="backend.tests.test_custom_widgets.TestWidgetUpdate" name="test_update_widget_name" time="0.077" /><testcase classname="backend.tests.test_custom_widgets.TestWidgetWithManualSource" name="test_create_widget_with_manual_source" time="0.058" /></testsuite></testsuites>