<?xml version="1.0" encoding="utf-8"?><testsuites name="pytest tests"><testsuite name="pytest" errors="0" failures="0" skipped="0" tests="16" time="57.133" timestamp="2026-01-18T23:24:22.289645+00:00" hostname="agent-env-e10f2166-ced1-4490-8468-8e792f385d33"><testcase classname="tests.test_custom_form_templates.TestFormTemplatesAPI" name="test_get_form_templates_returns_system_templates" time="0.312" /><testcase classname="tests.test_custom_form_templates.TestFormTemplatesAPI" name="test_create_custom_template_with_fields" time="0.337" /><testcase classname="tests.test_custom_form_templates.TestFormTemplatesAPI" name="test_get_custom_template_by_id" time="0.372" /><testcase classname="tests.test_custom_form_templates.TestFormTemplatesAPI" name="test_update_custom_template" time="0.364" /><testcase classname="tests.test_custom_form_templates.TestFormTemplatesAPI" name="test_cannot_modify_system_template" time="0.327" /><testcase classname="tests.test_custom_form_templates.TestFormTemplatesAPI" name="test_cannot_delete_system_template" time="0.329" /><testcase classname="tests.test_custom_form_templates.TestFormTemplatesAPI" name="test_delete_custom_template" time="0.368" /><testcase classname="tests.test_custom_form_templates.TestCustomFormsAPI" name="test_create_custom_form" time="0.395" /><testcase classname="tests.test_custom_form_templates.TestCustomFormsAPI" name="test_create_custom_form_with_signature" time="0.409" /><testcase classname="tests.test_custom_form_templates.TestCustomFormsAPI" name="test_get_custom_forms_by_pole" time="0.440" /><testcase classname="tests.test_custom_form_templates.TestCustomFormsAPI" name="test_get_custom_form_by_id" time="4.521" /><testcase classname="tests.test_custom_form_templates.TestCustomFormsAPI" name="test_update_custom_form" time="27.898" /><testcase classname="tests.test_custom_form_templates.TestCustomFormsAPI" name="test_delete_custom_form" time="19.965" /><testcase classname="tests.test_custom_form_templates.TestCustomFormsAPI" name="test_generate_custom_form_pdf" time="0.445" /><testcase classname="tests.test_custom_form_templates.TestExistingCustomTemplates" name="test_rapport_inspection_template_exists" time="0.297" /><testcase classname="tests.test_custom_form_templates.TestExistingCustomTemplates" name="test_fiche_non_conformite_template_exists" time="0.297" /></testsuite></testsuites>