<?xml version="1.0" encoding="utf-8"?><testsuites name="pytest tests"><testsuite name="pytest" errors="0" failures="2" skipped="0" tests="18" time="96.084" timestamp="2026-02-01T10:57:59.957142+00:00" hostname="agent-env-db478e98-bc11-4a6a-9ed8-b6ed0bc97be7"><testcase classname="tests.test_cameras.TestCamerasCRUD" name="test_list_cameras" time="0.377" /><testcase classname="tests.test_cameras.TestCamerasCRUD" name="test_get_cameras_count" time="0.051" /><testcase classname="tests.test_cameras.TestCamerasCRUD" name="test_create_camera" time="0.011" /><testcase classname="tests.test_cameras.TestCamerasCRUD" name="test_get_camera_by_id" time="0.010" /><testcase classname="tests.test_cameras.TestCamerasCRUD" name="test_update_camera" time="0.010" /><testcase classname="tests.test_cameras.TestCamerasCRUD" name="test_test_camera_connection" time="30.048" /><testcase classname="tests.test_cameras.TestCamerasCRUD" name="test_get_camera_snapshot" time="30.052" /><testcase classname="tests.test_cameras.TestCamerasCRUD" name="test_start_stream" time="0.014" /><testcase classname="tests.test_cameras.TestCamerasCRUD" name="test_stop_stream" time="0.049" /><testcase classname="tests.test_cameras.TestCamerasCRUD" name="test_delete_camera" time="0.021" /><testcase classname="tests.test_cameras.TestCameraSettings" name="test_get_snapshot_settings" time="0.009"><failure message="AssertionError: Failed to get settings: {&quot;detail&quot;:&quot;'settings' is not a valid ObjectId, it must be a 12-byte input or a 24-character hex string&quot;}&#10;assert 520 == 200&#10; +  where 520 = &lt;Response [520]&gt;.status_code">tests/test_cameras.py:226: in test_get_snapshot_settings
    assert response.status_code == 200, f"Failed to get settings: {response.text}"
E   AssertionError: Failed to get settings: {"detail":"'settings' is not a valid ObjectId, it must be a 12-byte input or a 24-character hex string"}
E   assert 520 == 200
E    +  where 520 = &lt;Response [520]&gt;.status_code</failure></testcase><testcase classname="tests.test_cameras.TestCameraSettings" name="test_update_snapshot_settings" time="0.042"><failure message="KeyError: 'snapshot_frequency_seconds'">tests/test_cameras.py:258: in test_update_snapshot_settings
    "snapshot_frequency_seconds": original_settings["snapshot_frequency_seconds"],
                                  ^^^^^^^^^^^^^^^^^^^^^^^^^^^^^^^^^^^^^^^^^^^^^^^
E   KeyError: 'snapshot_frequency_seconds'</failure></testcase><testcase classname="tests.test_cameras.TestOnvifDiscovery" name="test_discover_onvif" time="5.042" /><testcase classname="tests.test_cameras.TestCameraValidation" name="test_create_camera_missing_name" time="0.010" /><testcase classname="tests.test_cameras.TestCameraValidation" name="test_create_camera_missing_rtsp_url" time="0.050" /><testcase classname="tests.test_cameras.TestCameraValidation" name="test_create_camera_duplicate_name" time="0.071" /><testcase classname="tests.test_cameras.TestCameraValidation" name="test_get_nonexistent_camera" time="0.010" /><testcase classname="tests.test_cameras.TestCameraTestUrl" name="test_test_url_endpoint" time="30.086" /></testsuite></testsuites>