<?xml version="1.0" encoding="utf-8"?><testsuites name="pytest tests"><testsuite name="pytest" errors="0" failures="3" skipped="0" tests="13" time="7.276" timestamp="2026-01-12T22:16:59.292253+00:00" hostname="agent-env-ee0d2728-3c5c-427b-b434-f403f97f4f37"><testcase classname="tests.test_regime_feature.TestUserRegimeFeature" name="test_login_returns_regime_field" time="0.562" /><testcase classname="tests.test_regime_feature.TestUserRegimeFeature" name="test_get_users_returns_regime_field" time="0.306" /><testcase classname="tests.test_regime_feature.TestUserRegimeFeature" name="test_update_user_regime_journee" time="0.366"><failure message="assert 405 == 200&#10; +  where 405 = &lt;Response [405]&gt;.status_code">tests/test_regime_feature.py:98: in test_update_user_regime_journee
    assert response.status_code == 200
E   assert 405 == 200
E    +  where 405 = &lt;Response [405]&gt;.status_code</failure></testcase><testcase classname="tests.test_regime_feature.TestUserRegimeFeature" name="test_update_user_regime_2x8" time="0.364"><failure message="KeyError: 'regime'">tests/test_regime_feature.py:130: in test_update_user_regime_2x8
    assert updated_user["regime"] == "2*8"
           ^^^^^^^^^^^^^^^^^^^^^^
E   KeyError: 'regime'</failure></testcase><testcase classname="tests.test_regime_feature.TestUserRegimeFeature" name="test_update_user_regime_3x8" time="0.517"><failure message="KeyError: 'regime'">tests/test_regime_feature.py:155: in test_update_user_regime_3x8
    assert updated_user["regime"] == "3*8"
           ^^^^^^^^^^^^^^^^^^^^^^
E   KeyError: 'regime'</failure></testcase><testcase classname="tests.test_regime_feature.TestAvailabilityFields" name="test_availability_supports_journee_fields" time="0.333" /><testcase classname="tests.test_regime_feature.TestAvailabilityFields" name="test_availability_supports_2x8_fields" time="0.327" /><testcase classname="tests.test_regime_feature.TestAvailabilityFields" name="test_availability_supports_3x8_fields" time="0.323" /><testcase classname="tests.test_regime_feature.TestAvailabilityFields" name="test_update_availability_partial_fields" time="0.398" /><testcase classname="tests.test_regime_feature.TestAvailabilityFields" name="test_get_availabilities_by_month" time="0.298" /><testcase classname="tests.test_regime_feature.TestCreateMemberWithRegime" name="test_create_member_with_journee_regime" time="1.239" /><testcase classname="tests.test_regime_feature.TestCreateMemberWithRegime" name="test_create_member_with_2x8_regime" time="1.050" /><testcase classname="tests.test_regime_feature.TestCreateMemberWithRegime" name="test_create_member_with_3x8_regime" time="1.058" /></testsuite></testsuites>