<?xml version="1.0" encoding="utf-8"?><testsuites name="pytest tests"><testsuite name="pytest" errors="0" failures="0" skipped="0" tests="17" time="1.041" timestamp="2026-01-17T06:36:51.459255+00:00" hostname="agent-env-924b9d77-202d-4718-b65c-62aaf0438abb"><testcase classname="tests.test_attachments_feature.TestPresquAccidentAttachments" name="test_01_get_presqu_accident_exists" time="0.351" /><testcase classname="tests.test_attachments_feature.TestPresquAccidentAttachments" name="test_02_get_attachments_empty" time="0.051" /><testcase classname="tests.test_attachments_feature.TestPresquAccidentAttachments" name="test_03_upload_attachment" time="0.041" /><testcase classname="tests.test_attachments_feature.TestPresquAccidentAttachments" name="test_04_get_attachments_after_upload" time="0.013" /><testcase classname="tests.test_attachments_feature.TestPresquAccidentAttachments" name="test_05_download_attachment" time="0.037" /><testcase classname="tests.test_attachments_feature.TestPresquAccidentAttachments" name="test_06_delete_attachment" time="0.011" /><testcase classname="tests.test_attachments_feature.TestPresquAccidentAttachments" name="test_07_verify_attachment_deleted" time="0.051" /><testcase classname="tests.test_attachments_feature.TestPreventiveMaintenanceAttachments" name="test_01_get_preventive_maintenances" time="0.016" /><testcase classname="tests.test_attachments_feature.TestPreventiveMaintenanceAttachments" name="test_02_get_attachments_initial" time="0.052" /><testcase classname="tests.test_attachments_feature.TestPreventiveMaintenanceAttachments" name="test_03_upload_attachment" time="0.041" /><testcase classname="tests.test_attachments_feature.TestPreventiveMaintenanceAttachments" name="test_04_get_attachments_after_upload" time="0.009" /><testcase classname="tests.test_attachments_feature.TestPreventiveMaintenanceAttachments" name="test_05_download_attachment" time="0.076" /><testcase classname="tests.test_attachments_feature.TestPreventiveMaintenanceAttachments" name="test_06_delete_attachment" time="0.052" /><testcase classname="tests.test_attachments_feature.TestPreventiveMaintenanceAttachments" name="test_07_verify_attachment_deleted" time="0.010" /><testcase classname="tests.test_attachments_feature.TestAttachmentErrorHandling" name="test_presqu_accident_not_found" time="0.009" /><testcase classname="tests.test_attachments_feature.TestAttachmentErrorHandling" name="test_pm_not_found" time="0.051" /><testcase classname="tests.test_attachments_feature.TestAttachmentErrorHandling" name="test_attachment_not_found_presqu_accident" time="0.038" /></testsuite></testsuites>