<?xml version="1.0" encoding="utf-8"?><testsuites name="pytest tests"><testsuite name="pytest" errors="0" failures="1" skipped="0" tests="16" time="6.394" timestamp="2026-01-18T23:18:50.523282+00:00" hostname="agent-env-e10f2166-ced1-4490-8468-8e792f385d33"><testcase classname="tests.test_custom_form_templates.TestFormTemplatesAPI" name="test_get_form_templates_returns_system_templates" time="0.339" /><testcase classname="tests.test_custom_form_templates.TestFormTemplatesAPI" name="test_create_custom_template_with_fields" time="0.336" /><testcase classname="tests.test_custom_form_templates.TestFormTemplatesAPI" name="test_get_custom_template_by_id" time="0.417" /><testcase classname="tests.test_custom_form_templates.TestFormTemplatesAPI" name="test_update_custom_template" time="0.412" /><testcase classname="tests.test_custom_form_templates.TestFormTemplatesAPI" name="test_cannot_modify_system_template" time="0.329" /><testcase classname="tests.test_custom_form_templates.TestFormTemplatesAPI" name="test_cannot_delete_system_template" time="0.333" /><testcase classname="tests.test_custom_form_templates.TestFormTemplatesAPI" name="test_delete_custom_template" time="0.368" /><testcase classname="tests.test_custom_form_templates.TestCustomFormsAPI" name="test_create_custom_form" time="0.401" /><testcase classname="tests.test_custom_form_templates.TestCustomFormsAPI" name="test_create_custom_form_with_signature" time="0.446"><failure message="AssertionError: Status should be VALIDE&#10;assert 'BROUILLON' == 'VALIDE'&#10;  &#10;  - VALIDE&#10;  + BROUILLON">tests/test_custom_form_templates.py:306: in test_create_custom_form_with_signature
    assert created["status"] == "VALIDE", "Status should be VALIDE"
E   AssertionError: Status should be VALIDE
E   assert 'BROUILLON' == 'VALIDE'
E     
E     - VALIDE
E     + BROUILLON</failure></testcase><testcase classname="tests.test_custom_form_templates.TestCustomFormsAPI" name="test_get_custom_forms_by_pole" time="0.477" /><testcase classname="tests.test_custom_form_templates.TestCustomFormsAPI" name="test_get_custom_form_by_id" time="0.440" /><testcase classname="tests.test_custom_form_templates.TestCustomFormsAPI" name="test_update_custom_form" time="0.476" /><testcase classname="tests.test_custom_form_templates.TestCustomFormsAPI" name="test_delete_custom_form" time="0.462" /><testcase classname="tests.test_custom_form_templates.TestCustomFormsAPI" name="test_generate_custom_form_pdf" time="0.449" /><testcase classname="tests.test_custom_form_templates.TestExistingCustomTemplates" name="test_rapport_inspection_template_exists" time="0.294" /><testcase classname="tests.test_custom_form_templates.TestExistingCustomTemplates" name="test_fiche_non_conformite_template_exists" time="0.301" /></testsuite></testsuites>