<?xml version="1.0" encoding="utf-8"?><testsuites name="pytest tests"><testsuite name="pytest" errors="0" failures="7" skipped="0" tests="23" time="3.086" timestamp="2026-02-01T10:02:35.076036+00:00" hostname="agent-env-db478e98-bc11-4a6a-9ed8-b6ed0bc97be7"><testcase classname="tests.test_team_management.TestAuth" name="test_admin_login" time="0.330" /><testcase classname="tests.test_team_management.TestAuth" name="test_manager_login" time="0.270" /><testcase classname="tests.test_team_management.TestWorkRhythms" name="test_get_work_rhythms" time="0.312" /><testcase classname="tests.test_team_management.TestTeamMembers" name="test_get_team_members" time="0.042" /><testcase classname="tests.test_team_management.TestTeamMembers" name="test_create_temporary_member" time="0.044" /><testcase classname="tests.test_team_management.TestTeamMembers" name="test_get_team_member_by_id" time="0.117" /><testcase classname="tests.test_team_management.TestTeamMembers" name="test_update_temporary_member" time="0.128" /><testcase classname="tests.test_team_management.TestTeamMembers" name="test_delete_temporary_member" time="0.166" /><testcase classname="tests.test_team_management.TestTimeTracking" name="test_clock_in" time="0.123"><failure message="AssertionError: Failed to clock in: {&quot;detail&quot;:&quot;Membre non trouvé&quot;}&#10;assert 404 == 200&#10; +  where 404 = &lt;Response [404]&gt;.status_code">tests/test_team_management.py:311: in test_clock_in
    assert response.status_code == 200, f"Failed to clock in: {response.text}"
E   AssertionError: Failed to clock in: {"detail":"Membre non trouvé"}
E   assert 404 == 200
E    +  where 404 = &lt;Response [404]&gt;.status_code</failure></testcase><testcase classname="tests.test_team_management.TestTimeTracking" name="test_clock_out" time="0.164"><failure message="AssertionError: Failed to clock out: {&quot;detail&quot;:&quot;Membre non trouvé&quot;}&#10;assert 404 == 200&#10; +  where 404 = &lt;Response [404]&gt;.status_code">tests/test_team_management.py:336: in test_clock_out
    assert response.status_code == 200, f"Failed to clock out: {response.text}"
E   AssertionError: Failed to clock out: {"detail":"Membre non trouvé"}
E   assert 404 == 200
E    +  where 404 = &lt;Response [404]&gt;.status_code</failure></testcase><testcase classname="tests.test_team_management.TestTimeTracking" name="test_present_at_post" time="0.127"><failure message="AssertionError: Failed to mark present at post: {&quot;detail&quot;:&quot;Membre non trouvé&quot;}&#10;assert 404 == 200&#10; +  where 404 = &lt;Response [404]&gt;.status_code">tests/test_team_management.py:357: in test_present_at_post
    assert response.status_code == 200, f"Failed to mark present at post: {response.text}"
E   AssertionError: Failed to mark present at post: {"detail":"Membre non trouvé"}
E   assert 404 == 200
E    +  where 404 = &lt;Response [404]&gt;.status_code</failure></testcase><testcase classname="tests.test_team_management.TestTimeTracking" name="test_manual_time_entry" time="0.119"><failure message="AssertionError: Failed manual entry: {&quot;detail&quot;:&quot;Membre non trouvé&quot;}&#10;assert 404 == 200&#10; +  where 404 = &lt;Response [404]&gt;.status_code">tests/test_team_management.py:389: in test_manual_time_entry
    assert response.status_code == 200, f"Failed manual entry: {response.text}"
E   AssertionError: Failed manual entry: {"detail":"Membre non trouvé"}
E   assert 404 == 200
E    +  where 404 = &lt;Response [404]&gt;.status_code</failure></testcase><testcase classname="tests.test_team_management.TestTimeTracking" name="test_get_today_entry" time="0.157"><failure message="AssertionError: Failed to get today entry: {&quot;detail&quot;:&quot;Membre non trouvé&quot;}&#10;assert 404 == 200&#10; +  where 404 = &lt;Response [404]&gt;.status_code">tests/test_team_management.py:410: in test_get_today_entry
    assert response.status_code == 200, f"Failed to get today entry: {response.text}"
E   AssertionError: Failed to get today entry: {"detail":"Membre non trouvé"}
E   assert 404 == 200
E    +  where 404 = &lt;Response [404]&gt;.status_code</failure></testcase><testcase classname="tests.test_team_management.TestTimeTracking" name="test_get_time_history" time="0.164" /><testcase classname="tests.test_team_management.TestAbsences" name="test_get_absence_types" time="0.039"><failure message="AssertionError: Missing expected absence type: TELETRAVAIL&#10;assert 'TELETRAVAIL' in ['CP', 'RTT', 'MALADIE', 'FORMATION', 'RQP', 'TT']">tests/test_team_management.py:478: in test_get_absence_types
    assert code in type_codes, f"Missing expected absence type: {code}"
E   AssertionError: Missing expected absence type: TELETRAVAIL
E   assert 'TELETRAVAIL' in ['CP', 'RTT', 'MALADIE', 'FORMATION', 'RQP', 'TT']</failure></testcase><testcase classname="tests.test_team_management.TestAbsences" name="test_declare_absence" time="0.123" /><testcase classname="tests.test_team_management.TestAbsences" name="test_get_absences" time="0.041"><failure message="AssertionError: assert 'absences' in [{'absence_type': 'CP', 'created_at': '2026-02-01T10:02:37.731468+00:00', 'created_by': '693c2cae8a00f0294da87131', 'days_count': 4, ...}, {'absence_type': 'RTT', 'created_at': '2026-02-01T09:47:58.032917+00:00', 'created_by': '693c2cae8a00f0294da87131', 'days_count': 1, ...}]">tests/test_team_management.py:522: in test_get_absences
    assert "absences" in data
E   AssertionError: assert 'absences' in [{'absence_type': 'CP', 'created_at': '2026-02-01T10:02:37.731468+00:00', 'created_by': '693c2cae8a00f0294da87131', 'days_count': 4, ...}, {'absence_type': 'RTT', 'created_at': '2026-02-01T09:47:58.032917+00:00', 'created_by': '693c2cae8a00f0294da87131', 'days_count': 1, ...}]</failure></testcase><testcase classname="tests.test_team_management.TestTeamPresence" name="test_get_team_presence" time="0.045" /><testcase classname="tests.test_team_management.TestTeamDashboard" name="test_get_team_dashboard" time="0.043" /><testcase classname="tests.test_team_management.TestTeamDashboard" name="test_get_team_workload" time="0.045" /><testcase classname="tests.test_team_management.TestTeamDashboard" name="test_get_team_overtime" time="0.040" /><testcase classname="tests.test_team_management.TestMenuMigration" name="test_migrate_menus" time="0.036" /><testcase classname="tests.test_team_management.TestCleanup" name="test_cleanup_test_members" time="0.123" /></testsuite></testsuites>