<?xml version="1.0" encoding="utf-8"?><testsuites name="pytest tests"><testsuite name="pytest" errors="0" failures="0" skipped="0" tests="15" time="4.358" timestamp="2026-01-15T18:53:14.077517+00:00" hostname="agent-env-18d8e740-bc0b-4673-93ed-87e6af01875e"><testcase classname="tests.test_planning_mprev_bug_fix.TestPlanningMPrevBugFix" name="test_planning_equipements_returns_date_debut_and_date_fin" time="0.340" /><testcase classname="tests.test_planning_mprev_bug_fix.TestPlanningMPrevBugFix" name="test_planning_equipements_filter_by_date_range" time="0.275" /><testcase classname="tests.test_planning_mprev_bug_fix.TestPlanningMPrevBugFix" name="test_planning_entries_have_correct_status" time="0.274" /><testcase classname="tests.test_planning_mprev_bug_fix.TestPlanningMPrevBugFix" name="test_planning_entries_not_terminated" time="0.275" /><testcase classname="tests.test_planning_mprev_bug_fix.TestPlanningMPrevBugFix" name="test_equipment_status_history_endpoint" time="0.276" /><testcase classname="tests.test_planning_mprev_bug_fix.TestPlanningMPrevBugFix" name="test_equipment_current_status" time="0.275" /><testcase classname="tests.test_planning_mprev_bug_fix.TestPlanningMPrevBugFix" name="test_demandes_arret_list" time="0.276" /><testcase classname="tests.test_planning_mprev_bug_fix.TestPlanningMPrevBugFix" name="test_demandes_arret_have_date_range" time="0.277" /><testcase classname="tests.test_planning_mprev_bug_fix.TestPlanningMPrevBugFix" name="test_annual_statistics_calculation" time="0.314" /><testcase classname="tests.test_planning_mprev_bug_fix.TestMaintenanceEndDateLogic" name="test_maintenance_entries_have_bounded_dates" time="0.276" /><testcase classname="tests.test_planning_mprev_bug_fix.TestMaintenanceEndDateLogic" name="test_equipment_with_maintenance_has_correct_planning" time="0.291" /><testcase classname="tests.test_planning_mprev_bug_fix.TestMaintenanceEndDateLogic" name="test_last_maintenance_end_date_logic" time="0.270" /><testcase classname="tests.test_planning_mprev_bug_fix.TestCronJobEndpoints" name="test_check_end_maintenance_endpoint" time="0.308" /><testcase classname="tests.test_planning_mprev_bug_fix.TestCronJobEndpoints" name="test_check_expired_demandes_endpoint" time="0.310" /><testcase classname="tests.test_planning_mprev_bug_fix.TestCronJobEndpoints" name="test_trigger_reminders_endpoint" time="0.269" /></testsuite></testsuites>